Removed world/data/raids.dat: not used
Removed world/DIM-1/data/raids_nether.dat: not used
Removed world/DIM1/data/raids_end.dat: not used
Removed world/poi/r.-1.-1.mca: not used
Removed world/poi/r.-1.-2.mca: not used
Removed world/poi/r.-1.0.mca: not used
Removed world/poi/r.-1.1.mca: not used
Removed world/poi/r.-1.2.mca: not used
Removed world/poi/r.-2.-1.mca: not used
Removed world/poi/r.-2.-2.mca: not used
Removed world/poi/r.-2.0.mca: not used
Removed world/poi/r.-2.1.mca: not used
Removed world/poi/r.0.-1.mca: not used
Removed world/poi/r.0.-2.mca: not used
Removed world/poi/r.0.-3.mca: not used
Removed world/poi/r.0.-4.mca: not used
Removed world/poi/r.0.0.mca: not used
Removed world/poi/r.0.1.mca: not used
Removed world/poi/r.1.-1.mca: not used
Removed world/poi/r.1.-2.mca: not used
Removed world/poi/r.1.-3.mca: not used
Removed world/poi/r.1.-4.mca: not used
Removed world/poi/r.1.-5.mca: not used
Removed world/poi/r.1.0.mca: not used
Removed world/poi/r.1.1.mca: not used
Removed world/poi/r.2.-1.mca: not used
Removed world/poi/r.2.-2.mca: not used
Removed world/poi/r.2.-3.mca: not used
Removed world/poi/r.2.-4.mca: not used
Removed world/poi/r.2.-5.mca: not used
Removed world/poi/r.2.0.mca: not used
Removed world/poi/r.2.1.mca: not used
Removed world/poi/r.3.-2.mca: not used
Removed world/poi/r.3.-3.mca: not used
Removed world/poi/r.3.-4.mca: not used
Removed world/poi/r.3.-5.mca: not used
Validated 135 files, 99 accepted, 36 rejected.
